\BOOKMARK [1][-]{section.1}{Repositorio del proyecto}{}% 1
\BOOKMARK [1][-]{section.2}{Descripci\363n}{}% 2
\BOOKMARK [2][-]{subsection.2.1}{Objetivo}{section.2}% 3
\BOOKMARK [1][-]{section.3}{Simulaci\363n}{}% 4
\BOOKMARK [2][-]{subsection.3.1}{Modelo mesosc\363pico}{section.3}% 5
\BOOKMARK [2][-]{subsection.3.2}{Modelo Conductor Inteligente}{section.3}% 6
\BOOKMARK [2][-]{subsection.3.3}{Modelo de red vial de tr\341fico}{section.3}% 7
\BOOKMARK [2][-]{subsection.3.4}{Generaci\363n de veh\355culos}{section.3}% 8
\BOOKMARK [2][-]{subsection.3.5}{Sem\341foros}{section.3}% 9
\BOOKMARK [3][-]{subsubsection.3.5.1}{Turnos}{subsection.3.5}% 10
\BOOKMARK [3][-]{subsubsection.3.5.2}{Zonas}{subsection.3.5}% 11
\BOOKMARK [2][-]{subsection.3.6}{Curvas de B\351zier}{section.3}% 12
\BOOKMARK [1][-]{section.4}{Inteligencia Artificial}{}% 13
\BOOKMARK [2][-]{subsection.4.1}{Algoritmo gen\351tico}{section.4}% 14
\BOOKMARK [3][-]{subsubsection.4.1.1}{Optimizaci\363n}{subsection.4.1}% 15
\BOOKMARK [3][-]{subsubsection.4.1.2}{Proceso}{subsection.4.1}% 16
\BOOKMARK [3][-]{subsubsection.4.1.3}{Soluci\363n}{subsection.4.1}% 17
\BOOKMARK [3][-]{subsubsection.4.1.4}{Poblaci\363n inicial}{subsection.4.1}% 18
\BOOKMARK [3][-]{subsubsection.4.1.5}{Nueva poblaci\363n}{subsection.4.1}% 19
\BOOKMARK [3][-]{subsubsection.4.1.6}{Funci\363n de evaluaci\363n fitness}{subsection.4.1}% 20
\BOOKMARK [3][-]{subsubsection.4.1.7}{Selecci\363n de padres}{subsection.4.1}% 21
\BOOKMARK [3][-]{subsubsection.4.1.8}{Cruzamiento}{subsection.4.1}% 22
\BOOKMARK [3][-]{subsubsection.4.1.9}{Mutaci\363n}{subsection.4.1}% 23
\BOOKMARK [2][-]{subsection.4.2}{A-star \(A*\) }{section.4}% 24
\BOOKMARK [3][-]{subsubsection.4.2.1}{ A* \040para hallar la distancia m\355nima entre dos calles}{subsection.4.2}% 25
\BOOKMARK [3][-]{subsubsection.4.2.2}{ A* \040para hallar el camino que menor tiempo le tomar\341 a un veh\355culo para llegar de una calle a otra}{subsection.4.2}% 26
\BOOKMARK [1][-]{section.5}{Tests}{}% 27
\BOOKMARK [2][-]{subsection.5.1}{Resultados}{section.5}% 28
\BOOKMARK [1][-]{section.6}{Recomendaciones}{}% 29
